------------------------------------LOG分隔符---------------------------------------------
记录时间:      2022-08-16 09:41:03.997 
线程标识:      [1] 
日志等级:      Anno 
注册中心 127.0.0.1:7010 Connect timed out
------------------------------------LOG分隔符---------------------------------------------
记录时间:      2022-08-16 09:41:07.578 
线程标识:      [18] 
日志等级:      Anno 
注册中心 127.0.0.1:7010 Connect timed out
------------------------------------LOG分隔符---------------------------------------------
记录时间:      2022-08-16 09:41:12.566 
线程标识:      [21] 
日志等级:      Anno 
注册中心 127.0.0.1:7010 Connect timed out
------------------------------------LOG分隔符---------------------------------------------
记录时间:      2022-08-16 09:41:17.558 
线程标识:      [22] 
日志等级:      Anno 
注册中心 127.0.0.1:7010 Connect timed out
------------------------------------LOG分隔符---------------------------------------------
记录时间:      2022-08-16 09:41:22.565 
线程标识:      [23] 
日志等级:      Anno 
注册中心 127.0.0.1:7010 Connect timed out
------------------------------------LOG分隔符---------------------------------------------
记录时间:      2022-08-16 09:41:27.548 
线程标识:      [25] 
日志等级:      Anno 
注册中心 127.0.0.1:7010 Connect timed out
------------------------------------LOG分隔符---------------------------------------------
记录时间:      2022-08-16 09:41:32.536 
线程标识:      [29] 
日志等级:      Anno 
注册中心 127.0.0.1:7010 Connect timed out
------------------------------------LOG分隔符---------------------------------------------
记录时间:      2022-08-16 09:41:37.566 
线程标识:      [35] 
日志等级:      Anno 
注册中心 127.0.0.1:7010 Connect timed out
------------------------------------LOG分隔符---------------------------------------------
记录时间:      2022-08-16 09:41:42.568 
线程标识:      [37] 
日志等级:      Anno 
注册中心 127.0.0.1:7010 Connect timed out
------------------------------------LOG分隔符---------------------------------------------
记录时间:      2022-08-16 09:41:47.556 
线程标识:      [40] 
日志等级:      Anno 
注册中心 127.0.0.1:7010 Connect timed out
------------------------------------LOG分隔符---------------------------------------------
记录时间:      2022-08-16 10:11:40.971 
线程标识:      [1] 
日志等级:      Anno 
注册中心 127.0.0.1:7010 Connect timed out
------------------------------------LOG分隔符---------------------------------------------
记录时间:      2022-08-16 10:11:47.560 
线程标识:      [18] 
日志等级:      Anno 
注册中心 127.0.0.1:7010 Connect timed out
------------------------------------LOG分隔符---------------------------------------------
记录时间:      2022-08-16 10:11:52.549 
线程标识:      [21] 
日志等级:      Anno 
注册中心 127.0.0.1:7010 Connect timed out
------------------------------------LOG分隔符---------------------------------------------
记录时间:      2022-08-16 10:11:57.565 
线程标识:      [22] 
日志等级:      Anno 
注册中心 127.0.0.1:7010 Connect timed out
------------------------------------LOG分隔符---------------------------------------------
记录时间:      2022-08-16 10:12:02.560 
线程标识:      [25] 
日志等级:      Anno 
注册中心 127.0.0.1:7010 Connect timed out
------------------------------------LOG分隔符---------------------------------------------
记录时间:      2022-08-16 10:12:07.569 
线程标识:      [32] 
日志等级:      Anno 
注册中心 127.0.0.1:7010 Connect timed out
------------------------------------LOG分隔符---------------------------------------------
记录时间:      2022-08-16 10:12:12.566 
线程标识:      [34] 
日志等级:      Anno 
注册中心 127.0.0.1:7010 Connect timed out
------------------------------------LOG分隔符---------------------------------------------
记录时间:      2022-08-16 10:12:17.571 
线程标识:      [35] 
日志等级:      Anno 
注册中心 127.0.0.1:7010 Connect timed out
------------------------------------LOG分隔符---------------------------------------------
记录时间:      2022-08-16 10:12:22.575 
线程标识:      [37] 
日志等级:      Anno 
注册中心 127.0.0.1:7010 Connect timed out
------------------------------------LOG分隔符---------------------------------------------
记录时间:      2022-08-16 10:12:27.553 
线程标识:      [38] 
日志等级:      Anno 
注册中心 127.0.0.1:7010 Connect timed out
------------------------------------LOG分隔符---------------------------------------------
记录时间:      2022-08-16 10:12:32.580 
线程标识:      [46] 
日志等级:      Anno 
注册中心 127.0.0.1:7010 Connect timed out
------------------------------------LOG分隔符---------------------------------------------
记录时间:      2022-08-16 10:12:37.581 
线程标识:      [48] 
日志等级:      Anno 
注册中心 127.0.0.1:7010 Connect timed out
------------------------------------LOG分隔符---------------------------------------------
记录时间:      2022-08-16 10:12:42.559 
线程标识:      [50] 
日志等级:      Anno 
注册中心 127.0.0.1:7010 Connect timed out
------------------------------------LOG分隔符---------------------------------------------
记录时间:      2022-08-16 10:12:47.563 
线程标识:      [51] 
日志等级:      Anno 
注册中心 127.0.0.1:7010 Connect timed out
------------------------------------LOG分隔符---------------------------------------------
记录时间:      2022-08-16 10:12:52.575 
线程标识:      [53] 
日志等级:      Anno 
注册中心 127.0.0.1:7010 Connect timed out
------------------------------------LOG分隔符---------------------------------------------
记录时间:      2022-08-16 10:12:57.560 
线程标识:      [55] 
日志等级:      Anno 
注册中心 127.0.0.1:7010 Connect timed out
------------------------------------LOG分隔符---------------------------------------------
记录时间:      2022-08-16 10:13:02.565 
线程标识:      [62] 
日志等级:      Anno 
注册中心 127.0.0.1:7010 Connect timed out
------------------------------------LOG分隔符---------------------------------------------
记录时间:      2022-08-16 10:13:07.586 
线程标识:      [64] 
日志等级:      Anno 
注册中心 127.0.0.1:7010 Connect timed out
------------------------------------LOG分隔符---------------------------------------------
记录时间:      2022-08-16 10:13:12.578 
线程标识:      [67] 
日志等级:      Anno 
注册中心 127.0.0.1:7010 Connect timed out
------------------------------------LOG分隔符---------------------------------------------
记录时间:      2022-08-16 10:13:17.561 
线程标识:      [54] 
日志等级:      Anno 
注册中心 127.0.0.1:7010 Connect timed out
------------------------------------LOG分隔符---------------------------------------------
记录时间:      2022-08-16 10:13:22.571 
线程标识:      [70] 
日志等级:      Anno 
注册中心 127.0.0.1:7010 Connect timed out
------------------------------------LOG分隔符---------------------------------------------
记录时间:      2022-08-16 10:13:27.565 
线程标识:      [71] 
日志等级:      Anno 
注册中心 127.0.0.1:7010 Connect timed out
------------------------------------LOG分隔符---------------------------------------------
记录时间:      2022-08-16 10:13:32.572 
线程标识:      [80] 
日志等级:      Anno 
注册中心 127.0.0.1:7010 Connect timed out
------------------------------------LOG分隔符---------------------------------------------
记录时间:      2022-08-16 10:13:37.558 
线程标识:      [81] 
日志等级:      Anno 
注册中心 127.0.0.1:7010 Connect timed out
------------------------------------LOG分隔符---------------------------------------------
记录时间:      2022-08-16 10:13:42.573 
线程标识:      [83] 
日志等级:      Anno 
注册中心 127.0.0.1:7010 Connect timed out
------------------------------------LOG分隔符---------------------------------------------
记录时间:      2022-08-16 10:13:47.559 
线程标识:      [84] 
日志等级:      Anno 
注册中心 127.0.0.1:7010 Connect timed out
------------------------------------LOG分隔符---------------------------------------------
记录时间:      2022-08-16 10:13:52.556 
线程标识:      [86] 
日志等级:      Anno 
注册中心 127.0.0.1:7010 Connect timed out
------------------------------------LOG分隔符---------------------------------------------
记录时间:      2022-08-16 10:13:57.561 
线程标识:      [87] 
日志等级:      Anno 
注册中心 127.0.0.1:7010 Connect timed out
------------------------------------LOG分隔符---------------------------------------------
记录时间:      2022-08-16 10:14:02.570 
线程标识:      [94] 
日志等级:      Anno 
注册中心 127.0.0.1:7010 Connect timed out
------------------------------------LOG分隔符---------------------------------------------
记录时间:      2022-08-16 10:14:07.572 
线程标识:      [96] 
日志等级:      Anno 
注册中心 127.0.0.1:7010 Connect timed out
------------------------------------LOG分隔符---------------------------------------------
记录时间:      2022-08-16 10:14:12.587 
线程标识:      [98] 
日志等级:      Anno 
注册中心 127.0.0.1:7010 Connect timed out
------------------------------------LOG分隔符---------------------------------------------
记录时间:      2022-08-16 10:14:17.557 
线程标识:      [99] 
日志等级:      Anno 
注册中心 127.0.0.1:7010 Connect timed out
------------------------------------LOG分隔符---------------------------------------------
记录时间:      2022-08-16 20:54:47.098 
线程标识:      [1] 
日志等级:      Anno 
注册中心 127.0.0.1:7010 Connect timed out
------------------------------------LOG分隔符---------------------------------------------
记录时间:      2022-08-16 20:54:52.555 
线程标识:      [19] 
日志等级:      Anno 
注册中心 127.0.0.1:7010 Connect timed out
------------------------------------LOG分隔符---------------------------------------------
记录时间:      2022-08-16 20:54:57.558 
线程标识:      [20] 
日志等级:      Anno 
注册中心 127.0.0.1:7010 Connect timed out
------------------------------------LOG分隔符---------------------------------------------
记录时间:      2022-08-16 20:55:02.543 
线程标识:      [23] 
日志等级:      Anno 
注册中心 127.0.0.1:7010 Connect timed out
------------------------------------LOG分隔符---------------------------------------------
记录时间:      2022-08-16 20:55:07.553 
线程标识:      [31] 
日志等级:      Anno 
注册中心 127.0.0.1:7010 Connect timed out
------------------------------------LOG分隔符---------------------------------------------
记录时间:      2022-08-16 20:55:12.538 
线程标识:      [33] 
日志等级:      Anno 
注册中心 127.0.0.1:7010 Connect timed out
------------------------------------LOG分隔符---------------------------------------------
记录时间:      2022-08-16 20:55:17.555 
线程标识:      [34] 
日志等级:      Anno 
注册中心 127.0.0.1:7010 Connect timed out
------------------------------------LOG分隔符---------------------------------------------
记录时间:      2022-08-16 20:55:22.572 
线程标识:      [37] 
日志等级:      Anno 
注册中心 127.0.0.1:7010 Connect timed out
------------------------------------LOG分隔符---------------------------------------------
记录时间:      2022-08-16 20:55:27.559 
线程标识:      [38] 
日志等级:      Anno 
注册中心 127.0.0.1:7010 Connect timed out
------------------------------------LOG分隔符---------------------------------------------
记录时间:      2022-08-16 20:55:32.574 
线程标识:      [43] 
日志等级:      Anno 
注册中心 127.0.0.1:7010 Connect timed out
------------------------------------LOG分隔符---------------------------------------------
记录时间:      2022-08-16 20:55:37.543 
线程标识:      [49] 
日志等级:      Anno 
注册中心 127.0.0.1:7010 Connect timed out
------------------------------------LOG分隔符---------------------------------------------
记录时间:      2022-08-16 20:55:42.558 
线程标识:      [51] 
日志等级:      Anno 
注册中心 127.0.0.1:7010 Connect timed out
------------------------------------LOG分隔符---------------------------------------------
记录时间:      2022-08-16 20:55:47.543 
线程标识:      [52] 
日志等级:      Anno 
注册中心 127.0.0.1:7010 Connect timed out
------------------------------------LOG分隔符---------------------------------------------
记录时间:      2022-08-16 20:55:52.543 
线程标识:      [54] 
日志等级:      Anno 
注册中心 127.0.0.1:7010 Connect timed out
------------------------------------LOG分隔符---------------------------------------------
记录时间:      2022-08-16 20:55:57.559 
线程标识:      [56] 
日志等级:      Anno 
注册中心 127.0.0.1:7010 Connect timed out
------------------------------------LOG分隔符---------------------------------------------
记录时间:      2022-08-16 20:56:02.542 
线程标识:      [62] 
日志等级:      Anno 
注册中心 127.0.0.1:7010 Connect timed out
------------------------------------LOG分隔符---------------------------------------------
记录时间:      2022-08-16 20:56:07.558 
线程标识:      [67] 
日志等级:      Anno 
注册中心 127.0.0.1:7010 Connect timed out
------------------------------------LOG分隔符---------------------------------------------
记录时间:      2022-08-16 20:56:12.559 
线程标识:      [69] 
日志等级:      Anno 
注册中心 127.0.0.1:7010 Connect timed out
------------------------------------LOG分隔符---------------------------------------------
记录时间:      2022-08-16 20:56:17.558 
线程标识:      [3] 
日志等级:      Anno 
注册中心 127.0.0.1:7010 Connect timed out
------------------------------------LOG分隔符---------------------------------------------
记录时间:      2022-08-16 20:56:22.543 
线程标识:      [71] 
日志等级:      Anno 
注册中心 127.0.0.1:7010 Connect timed out
------------------------------------LOG分隔符---------------------------------------------
记录时间:      2022-08-16 20:56:27.563 
线程标识:      [55] 
日志等级:      Anno 
注册中心 127.0.0.1:7010 Connect timed out
------------------------------------LOG分隔符---------------------------------------------
记录时间:      2022-08-16 20:56:32.578 
线程标识:      [78] 
日志等级:      Anno 
注册中心 127.0.0.1:7010 Connect timed out
------------------------------------LOG分隔符---------------------------------------------
记录时间:      2022-08-16 20:56:37.531 
线程标识:      [84] 
日志等级:      Anno 
注册中心 127.0.0.1:7010 Connect timed out
------------------------------------LOG分隔符---------------------------------------------
记录时间:      2022-08-16 20:56:42.566 
线程标识:      [86] 
日志等级:      Anno 
注册中心 127.0.0.1:7010 Connect timed out
------------------------------------LOG分隔符---------------------------------------------
记录时间:      2022-08-16 20:56:47.550 
线程标识:      [72] 
日志等级:      Anno 
注册中心 127.0.0.1:7010 Connect timed out
------------------------------------LOG分隔符---------------------------------------------
记录时间:      2022-08-16 20:56:52.566 
线程标识:      [89] 
日志等级:      Anno 
注册中心 127.0.0.1:7010 Connect timed out
------------------------------------LOG分隔符---------------------------------------------
记录时间:      2022-08-16 20:56:57.554 
线程标识:      [90] 
日志等级:      Anno 
注册中心 127.0.0.1:7010 Connect timed out
------------------------------------LOG分隔符---------------------------------------------
记录时间:      2022-08-16 20:57:02.570 
线程标识:      [95] 
日志等级:      Anno 
注册中心 127.0.0.1:7010 Connect timed out
------------------------------------LOG分隔符---------------------------------------------
记录时间:      2022-08-16 20:57:07.554 
线程标识:      [102] 
日志等级:      Anno 
注册中心 127.0.0.1:7010 Connect timed out
------------------------------------LOG分隔符---------------------------------------------
记录时间:      2022-08-16 20:57:12.556 
线程标识:      [104] 
日志等级:      Anno 
注册中心 127.0.0.1:7010 Connect timed out
------------------------------------LOG分隔符---------------------------------------------
记录时间:      2022-08-16 20:57:17.571 
线程标识:      [105] 
日志等级:      Anno 
注册中心 127.0.0.1:7010 Connect timed out
------------------------------------LOG分隔符---------------------------------------------
记录时间:      2022-08-16 20:57:22.529 
线程标识:      [107] 
日志等级:      Anno 
注册中心 127.0.0.1:7010 Connect timed out
------------------------------------LOG分隔符---------------------------------------------
记录时间:      2022-08-16 20:57:27.559 
线程标识:      [109] 
日志等级:      Anno 
注册中心 127.0.0.1:7010 Connect timed out
------------------------------------LOG分隔符---------------------------------------------
记录时间:      2022-08-16 20:57:32.565 
线程标识:      [114] 
日志等级:      Anno 
注册中心 127.0.0.1:7010 Connect timed out
------------------------------------LOG分隔符---------------------------------------------
记录时间:      2022-08-16 20:57:37.565 
线程标识:      [101] 
日志等级:      Anno 
注册中心 127.0.0.1:7010 Connect timed out
------------------------------------LOG分隔符---------------------------------------------
记录时间:      2022-08-16 20:57:42.553 
线程标识:      [122] 
日志等级:      Anno 
注册中心 127.0.0.1:7010 Connect timed out
------------------------------------LOG分隔符---------------------------------------------
记录时间:      2022-08-16 20:57:47.568 
线程标识:      [123] 
日志等级:      Anno 
注册中心 127.0.0.1:7010 Connect timed out
------------------------------------LOG分隔符---------------------------------------------
记录时间:      2022-08-16 20:57:52.540 
线程标识:      [126] 
日志等级:      Anno 
注册中心 127.0.0.1:7010 Connect timed out
------------------------------------LOG分隔符---------------------------------------------
记录时间:      2022-08-16 20:57:57.540 
线程标识:      [124] 
日志等级:      Anno 
注册中心 127.0.0.1:7010 Connect timed out
------------------------------------LOG分隔符---------------------------------------------
记录时间:      2022-08-16 20:58:02.572 
线程标识:      [135] 
日志等级:      Anno 
注册中心 127.0.0.1:7010 Connect timed out
------------------------------------LOG分隔符---------------------------------------------
记录时间:      2022-08-16 20:58:07.555 
线程标识:      [129] 
日志等级:      Anno 
注册中心 127.0.0.1:7010 Connect timed out
------------------------------------LOG分隔符---------------------------------------------
记录时间:      2022-08-16 20:58:12.558 
线程标识:      [142] 
日志等级:      Anno 
注册中心 127.0.0.1:7010 Connect timed out
------------------------------------LOG分隔符---------------------------------------------
记录时间:      2022-08-16 20:58:17.543 
线程标识:      [143] 
日志等级:      Anno 
注册中心 127.0.0.1:7010 Connect timed out
------------------------------------LOG分隔符---------------------------------------------
记录时间:      2022-08-16 20:58:22.562 
线程标识:      [145] 
日志等级:      Anno 
注册中心 127.0.0.1:7010 Connect timed out
------------------------------------LOG分隔符---------------------------------------------
记录时间:      2022-08-16 20:58:27.562 
线程标识:      [146] 
日志等级:      Anno 
注册中心 127.0.0.1:7010 Connect timed out
------------------------------------LOG分隔符---------------------------------------------
记录时间:      2022-08-16 20:58:32.547 
线程标识:      [153] 
日志等级:      Anno 
注册中心 127.0.0.1:7010 Connect timed out
------------------------------------LOG分隔符---------------------------------------------
记录时间:      2022-08-16 20:58:37.562 
线程标识:      [150] 
日志等级:      Anno 
注册中心 127.0.0.1:7010 Connect timed out
------------------------------------LOG分隔符---------------------------------------------
记录时间:      2022-08-16 20:58:42.578 
线程标识:      [160] 
日志等级:      Anno 
注册中心 127.0.0.1:7010 Connect timed out
------------------------------------LOG分隔符---------------------------------------------
记录时间:      2022-08-16 20:58:47.534 
线程标识:      [161] 
日志等级:      Anno 
注册中心 127.0.0.1:7010 Connect timed out
------------------------------------LOG分隔符---------------------------------------------
记录时间:      2022-08-16 20:58:52.534 
线程标识:      [163] 
日志等级:      Anno 
注册中心 127.0.0.1:7010 Connect timed out
------------------------------------LOG分隔符---------------------------------------------
记录时间:      2022-08-16 20:58:57.549 
线程标识:      [164] 
日志等级:      Anno 
注册中心 127.0.0.1:7010 Connect timed out
------------------------------------LOG分隔符---------------------------------------------
记录时间:      2022-08-16 20:59:02.551 
线程标识:      [169] 
日志等级:      Anno 
注册中心 127.0.0.1:7010 Connect timed out
------------------------------------LOG分隔符---------------------------------------------
记录时间:      2022-08-16 20:59:07.552 
线程标识:      [177] 
日志等级:      Anno 
注册中心 127.0.0.1:7010 Connect timed out
------------------------------------LOG分隔符---------------------------------------------
记录时间:      2022-08-16 20:59:12.541 
线程标识:      [179] 
日志等级:      Anno 
注册中心 127.0.0.1:7010 Connect timed out
------------------------------------LOG分隔符---------------------------------------------
记录时间:      2022-08-16 20:59:17.543 
线程标识:      [180] 
日志等级:      Anno 
注册中心 127.0.0.1:7010 Connect timed out
------------------------------------LOG分隔符---------------------------------------------
记录时间:      2022-08-16 20:59:22.574 
线程标识:      [182] 
日志等级:      Anno 
注册中心 127.0.0.1:7010 Connect timed out
------------------------------------LOG分隔符---------------------------------------------
记录时间:      2022-08-16 20:59:27.546 
线程标识:      [184] 
日志等级:      Anno 
注册中心 127.0.0.1:7010 Connect timed out
------------------------------------LOG分隔符---------------------------------------------
记录时间:      2022-08-16 20:59:32.562 
线程标识:      [189] 
日志等级:      Anno 
注册中心 127.0.0.1:7010 Connect timed out
------------------------------------LOG分隔符---------------------------------------------
记录时间:      2022-08-16 20:59:37.551 
线程标识:      [195] 
日志等级:      Anno 
注册中心 127.0.0.1:7010 Connect timed out
------------------------------------LOG分隔符---------------------------------------------
记录时间:      2022-08-16 20:59:42.551 
线程标识:      [197] 
日志等级:      Anno 
注册中心 127.0.0.1:7010 Connect timed out
------------------------------------LOG分隔符---------------------------------------------
记录时间:      2022-08-16 20:59:47.552 
线程标识:      [199] 
日志等级:      Anno 
注册中心 127.0.0.1:7010 Connect timed out
------------------------------------LOG分隔符---------------------------------------------
记录时间:      2022-08-16 20:59:52.537 
线程标识:      [201] 
日志等级:      Anno 
注册中心 127.0.0.1:7010 Connect timed out
------------------------------------LOG分隔符---------------------------------------------
记录时间:      2022-08-16 20:59:57.553 
线程标识:      [203] 
日志等级:      Anno 
注册中心 127.0.0.1:7010 Connect timed out
------------------------------------LOG分隔符---------------------------------------------
记录时间:      2022-08-16 21:00:02.553 
线程标识:      [208] 
日志等级:      Anno 
注册中心 127.0.0.1:7010 Connect timed out
------------------------------------LOG分隔符---------------------------------------------
记录时间:      2022-08-16 21:00:07.541 
线程标识:      [215] 
日志等级:      Anno 
注册中心 127.0.0.1:7010 Connect timed out
------------------------------------LOG分隔符---------------------------------------------
记录时间:      2022-08-16 21:00:12.541 
线程标识:      [216] 
日志等级:      Anno 
注册中心 127.0.0.1:7010 Connect timed out
------------------------------------LOG分隔符---------------------------------------------
记录时间:      2022-08-16 21:00:17.557 
线程标识:      [217] 
日志等级:      Anno 
注册中心 127.0.0.1:7010 Connect timed out
------------------------------------LOG分隔符---------------------------------------------
记录时间:      2022-08-16 21:00:22.562 
线程标识:      [220] 
日志等级:      Anno 
注册中心 127.0.0.1:7010 Connect timed out
------------------------------------LOG分隔符---------------------------------------------
记录时间:      2022-08-16 21:00:27.561 
线程标识:      [221] 
日志等级:      Anno 
注册中心 127.0.0.1:7010 Connect timed out
------------------------------------LOG分隔符---------------------------------------------
记录时间:      2022-08-16 21:00:32.564 
线程标识:      [227] 
日志等级:      Anno 
注册中心 127.0.0.1:7010 Connect timed out
------------------------------------LOG分隔符---------------------------------------------
记录时间:      2022-08-16 21:00:37.563 
线程标识:      [233] 
日志等级:      Anno 
注册中心 127.0.0.1:7010 Connect timed out
------------------------------------LOG分隔符---------------------------------------------
记录时间:      2022-08-16 21:00:42.579 
线程标识:      [235] 
日志等级:      Anno 
注册中心 127.0.0.1:7010 Connect timed out
------------------------------------LOG分隔符---------------------------------------------
记录时间:      2022-08-16 21:00:47.564 
线程标识:      [236] 
日志等级:      Anno 
注册中心 127.0.0.1:7010 Connect timed out
------------------------------------LOG分隔符---------------------------------------------
记录时间:      2022-08-16 21:00:52.566 
线程标识:      [238] 
日志等级:      Anno 
注册中心 127.0.0.1:7010 Connect timed out
------------------------------------LOG分隔符---------------------------------------------
记录时间:      2022-08-16 21:00:57.534 
线程标识:      [240] 
日志等级:      Anno 
注册中心 127.0.0.1:7010 Connect timed out
------------------------------------LOG分隔符---------------------------------------------
记录时间:      2022-08-16 21:01:02.536 
线程标识:      [246] 
日志等级:      Anno 
注册中心 127.0.0.1:7010 Connect timed out
------------------------------------LOG分隔符---------------------------------------------
记录时间:      2022-08-16 21:01:07.554 
线程标识:      [243] 
日志等级:      Anno 
注册中心 127.0.0.1:7010 Connect timed out
------------------------------------LOG分隔符---------------------------------------------
记录时间:      2022-08-16 21:01:12.540 
线程标识:      [253] 
日志等级:      Anno 
注册中心 127.0.0.1:7010 Connect timed out
------------------------------------LOG分隔符---------------------------------------------
记录时间:      2022-08-16 21:01:17.554 
线程标识:      [255] 
日志等级:      Anno 
注册中心 127.0.0.1:7010 Connect timed out
------------------------------------LOG分隔符---------------------------------------------
记录时间:      2022-08-16 21:01:22.542 
线程标识:      [257] 
日志等级:      Anno 
注册中心 127.0.0.1:7010 Connect timed out
------------------------------------LOG分隔符---------------------------------------------
记录时间:      2022-08-16 21:01:27.573 
线程标识:      [258] 
日志等级:      Anno 
注册中心 127.0.0.1:7010 Connect timed out
------------------------------------LOG分隔符---------------------------------------------
记录时间:      2022-08-16 21:01:32.573 
线程标识:      [264] 
日志等级:      Anno 
注册中心 127.0.0.1:7010 Connect timed out
------------------------------------LOG分隔符---------------------------------------------
记录时间:      2022-08-16 21:01:37.558 
线程标识:      [270] 
日志等级:      Anno 
注册中心 127.0.0.1:7010 Connect timed out
------------------------------------LOG分隔符---------------------------------------------
记录时间:      2022-08-16 21:01:42.544 
线程标识:      [272] 
日志等级:      Anno 
注册中心 127.0.0.1:7010 Connect timed out
------------------------------------LOG分隔符---------------------------------------------
记录时间:      2022-08-16 21:01:47.545 
线程标识:      [273] 
日志等级:      Anno 
注册中心 127.0.0.1:7010 Connect timed out
------------------------------------LOG分隔符---------------------------------------------
记录时间:      2022-08-16 21:01:52.548 
线程标识:      [276] 
日志等级:      Anno 
注册中心 127.0.0.1:7010 Connect timed out
------------------------------------LOG分隔符---------------------------------------------
记录时间:      2022-08-16 21:01:57.563 
线程标识:      [277] 
日志等级:      Anno 
注册中心 127.0.0.1:7010 Connect timed out
------------------------------------LOG分隔符---------------------------------------------
记录时间:      2022-08-16 21:02:02.566 
线程标识:      [283] 
日志等级:      Anno 
注册中心 127.0.0.1:7010 Connect timed out
------------------------------------LOG分隔符---------------------------------------------
记录时间:      2022-08-16 21:02:07.567 
线程标识:      [278] 
日志等级:      Anno 
注册中心 127.0.0.1:7010 Connect timed out
------------------------------------LOG分隔符---------------------------------------------
记录时间:      2022-08-16 21:02:12.535 
线程标识:      [293] 
日志等级:      Anno 
注册中心 127.0.0.1:7010 Connect timed out
------------------------------------LOG分隔符---------------------------------------------
记录时间:      2022-08-16 21:02:17.551 
线程标识:      [291] 
日志等级:      Anno 
注册中心 127.0.0.1:7010 Connect timed out
------------------------------------LOG分隔符---------------------------------------------
记录时间:      2022-08-16 21:02:22.554 
线程标识:      [295] 
日志等级:      Anno 
注册中心 127.0.0.1:7010 Connect timed out
------------------------------------LOG分隔符---------------------------------------------
记录时间:      2022-08-16 21:02:27.569 
线程标识:      [297] 
日志等级:      Anno 
注册中心 127.0.0.1:7010 Connect timed out
------------------------------------LOG分隔符---------------------------------------------
记录时间:      2022-08-16 21:02:32.540 
线程标识:      [303] 
日志等级:      Anno 
注册中心 127.0.0.1:7010 Connect timed out
------------------------------------LOG分隔符---------------------------------------------
记录时间:      2022-08-16 21:02:37.556 
线程标识:      [309] 
日志等级:      Anno 
注册中心 127.0.0.1:7010 Connect timed out
------------------------------------LOG分隔符---------------------------------------------
记录时间:      2022-08-16 21:02:42.559 
线程标识:      [311] 
日志等级:      Anno 
注册中心 127.0.0.1:7010 Connect timed out
------------------------------------LOG分隔符---------------------------------------------
记录时间:      2022-08-16 21:02:47.544 
线程标识:      [312] 
日志等级:      Anno 
注册中心 127.0.0.1:7010 Connect timed out
------------------------------------LOG分隔符---------------------------------------------
记录时间:      2022-08-16 21:02:52.560 
线程标识:      [314] 
日志等级:      Anno 
注册中心 127.0.0.1:7010 Connect timed out
------------------------------------LOG分隔符---------------------------------------------
记录时间:      2022-08-16 21:02:57.548 
线程标识:      [316] 
日志等级:      Anno 
注册中心 127.0.0.1:7010 Connect timed out
------------------------------------LOG分隔符---------------------------------------------
记录时间:      2022-08-16 21:03:02.550 
线程标识:      [322] 
日志等级:      Anno 
注册中心 127.0.0.1:7010 Connect timed out
------------------------------------LOG分隔符---------------------------------------------
记录时间:      2022-08-16 21:03:07.552 
线程标识:      [319] 
日志等级:      Anno 
注册中心 127.0.0.1:7010 Connect timed out
------------------------------------LOG分隔符---------------------------------------------
记录时间:      2022-08-16 21:03:12.556 
线程标识:      [329] 
日志等级:      Anno 
注册中心 127.0.0.1:7010 Connect timed out
------------------------------------LOG分隔符---------------------------------------------
记录时间:      2022-08-16 21:03:17.556 
线程标识:      [331] 
日志等级:      Anno 
注册中心 127.0.0.1:7010 Connect timed out
------------------------------------LOG分隔符---------------------------------------------
记录时间:      2022-08-16 21:03:22.556 
线程标识:      [333] 
日志等级:      Anno 
注册中心 127.0.0.1:7010 Connect timed out
------------------------------------LOG分隔符---------------------------------------------
记录时间:      2022-08-16 21:37:00.800 
线程标识:      [1] 
日志等级:      Anno 
注册中心 127.0.0.1:7010 Connect timed out
------------------------------------LOG分隔符---------------------------------------------
记录时间:      2022-08-16 21:37:07.571 
线程标识:      [22] 
日志等级:      Anno 
注册中心 127.0.0.1:7010 Connect timed out
------------------------------------LOG分隔符---------------------------------------------
记录时间:      2022-08-16 21:37:12.554 
线程标识:      [24] 
日志等级:      Anno 
注册中心 127.0.0.1:7010 Connect timed out
------------------------------------LOG分隔符---------------------------------------------
记录时间:      2022-08-16 21:37:17.564 
线程标识:      [28] 
日志等级:      Anno 
注册中心 127.0.0.1:7010 Connect timed out
------------------------------------LOG分隔符---------------------------------------------
记录时间:      2022-08-16 21:37:22.579 
线程标识:      [29] 
日志等级:      Anno 
注册中心 127.0.0.1:7010 Connect timed out
------------------------------------LOG分隔符---------------------------------------------
记录时间:      2022-08-16 21:37:27.563 
线程标识:      [31] 
日志等级:      Anno 
注册中心 127.0.0.1:7010 Connect timed out
------------------------------------LOG分隔符---------------------------------------------
记录时间:      2022-08-16 21:37:32.572 
线程标识:      [35] 
日志等级:      Anno 
注册中心 127.0.0.1:7010 Connect timed out
------------------------------------LOG分隔符---------------------------------------------
记录时间:      2022-08-16 21:37:37.554 
线程标识:      [36] 
日志等级:      Anno 
注册中心 127.0.0.1:7010 Connect timed out
------------------------------------LOG分隔符---------------------------------------------
记录时间:      2022-08-16 21:37:42.554 
线程标识:      [38] 
日志等级:      Anno 
注册中心 127.0.0.1:7010 Connect timed out
------------------------------------LOG分隔符---------------------------------------------
记录时间:      2022-08-16 21:37:47.562 
线程标识:      [40] 
日志等级:      Anno 
注册中心 127.0.0.1:7010 Connect timed out
------------------------------------LOG分隔符---------------------------------------------
记录时间:      2022-08-16 21:37:52.561 
线程标识:      [42] 
日志等级:      Anno 
注册中心 127.0.0.1:7010 Connect timed out
------------------------------------LOG分隔符---------------------------------------------
记录时间:      2022-08-16 21:37:57.565 
线程标识:      [47] 
日志等级:      Anno 
注册中心 127.0.0.1:7010 Connect timed out
------------------------------------LOG分隔符---------------------------------------------
记录时间:      2022-08-16 21:38:02.554 
线程标识:      [52] 
日志等级:      Anno 
注册中心 127.0.0.1:7010 Connect timed out
------------------------------------LOG分隔符---------------------------------------------
记录时间:      2022-08-16 21:38:07.568 
线程标识:      [53] 
日志等级:      Anno 
注册中心 127.0.0.1:7010 Connect timed out
------------------------------------LOG分隔符---------------------------------------------
记录时间:      2022-08-16 21:38:12.553 
线程标识:      [54] 
日志等级:      Anno 
注册中心 127.0.0.1:7010 Connect timed out
------------------------------------LOG分隔符---------------------------------------------
记录时间:      2022-08-16 21:38:17.538 
线程标识:      [56] 
日志等级:      Anno 
注册中心 127.0.0.1:7010 Connect timed out
------------------------------------LOG分隔符---------------------------------------------
记录时间:      2022-08-16 21:38:22.559 
线程标识:      [58] 
日志等级:      Anno 
注册中心 127.0.0.1:7010 Connect timed out
------------------------------------LOG分隔符---------------------------------------------
记录时间:      2022-08-16 21:38:27.557 
线程标识:      [60] 
日志等级:      Anno 
注册中心 127.0.0.1:7010 Connect timed out
------------------------------------LOG分隔符---------------------------------------------
记录时间:      2022-08-16 21:38:32.576 
线程标识:      [65] 
日志等级:      Anno 
注册中心 127.0.0.1:7010 Connect timed out
------------------------------------LOG分隔符---------------------------------------------
记录时间:      2022-08-16 21:38:37.538 
线程标识:      [66] 
日志等级:      Anno 
注册中心 127.0.0.1:7010 Connect timed out
------------------------------------LOG分隔符---------------------------------------------
记录时间:      2022-08-16 21:38:42.570 
线程标识:      [68] 
日志等级:      Anno 
注册中心 127.0.0.1:7010 Connect timed out
------------------------------------LOG分隔符---------------------------------------------
记录时间:      2022-08-16 21:38:47.553 
线程标识:      [55] 
日志等级:      Anno 
注册中心 127.0.0.1:7010 Connect timed out
------------------------------------LOG分隔符---------------------------------------------
记录时间:      2022-08-16 21:38:52.539 
线程标识:      [69] 
日志等级:      Anno 
注册中心 127.0.0.1:7010 Connect timed out
------------------------------------LOG分隔符---------------------------------------------
记录时间:      2022-08-16 21:38:57.575 
线程标识:      [71] 
日志等级:      Anno 
注册中心 127.0.0.1:7010 Connect timed out
------------------------------------LOG分隔符---------------------------------------------
记录时间:      2022-08-16 21:39:02.549 
线程标识:      [79] 
日志等级:      Anno 
注册中心 127.0.0.1:7010 Connect timed out
------------------------------------LOG分隔符---------------------------------------------
记录时间:      2022-08-16 21:39:07.553 
线程标识:      [82] 
日志等级:      Anno 
注册中心 127.0.0.1:7010 Connect timed out
------------------------------------LOG分隔符---------------------------------------------
记录时间:      2022-08-16 21:39:12.558 
线程标识:      [85] 
日志等级:      Anno 
注册中心 127.0.0.1:7010 Connect timed out
------------------------------------LOG分隔符---------------------------------------------
记录时间:      2022-08-16 21:39:17.552 
线程标识:      [86] 
日志等级:      Anno 
注册中心 127.0.0.1:7010 Connect timed out
------------------------------------LOG分隔符---------------------------------------------
记录时间:      2022-08-16 21:39:22.555 
线程标识:      [88] 
日志等级:      Anno 
注册中心 127.0.0.1:7010 Connect timed out
------------------------------------LOG分隔符---------------------------------------------
记录时间:      2022-08-16 21:39:27.538 
线程标识:      [83] 
日志等级:      Anno 
注册中心 127.0.0.1:7010 Connect timed out
------------------------------------LOG分隔符---------------------------------------------
记录时间:      2022-08-16 21:39:32.554 
线程标识:      [96] 
日志等级:      Anno 
注册中心 127.0.0.1:7010 Connect timed out
------------------------------------LOG分隔符---------------------------------------------
记录时间:      2022-08-16 21:39:37.556 
线程标识:      [100] 
日志等级:      Anno 
注册中心 127.0.0.1:7010 Connect timed out
------------------------------------LOG分隔符---------------------------------------------
记录时间:      2022-08-16 21:39:42.523 
线程标识:      [102] 
日志等级:      Anno 
注册中心 127.0.0.1:7010 Connect timed out
------------------------------------LOG分隔符---------------------------------------------
记录时间:      2022-08-16 21:39:47.574 
线程标识:      [103] 
日志等级:      Anno 
注册中心 127.0.0.1:7010 Connect timed out
------------------------------------LOG分隔符---------------------------------------------
记录时间:      2022-08-16 21:39:52.553 
线程标识:      [104] 
日志等级:      Anno 
注册中心 127.0.0.1:7010 Connect timed out
------------------------------------LOG分隔符---------------------------------------------
记录时间:      2022-08-16 21:39:57.554 
线程标识:      [105] 
日志等级:      Anno 
注册中心 127.0.0.1:7010 Connect timed out
------------------------------------LOG分隔符---------------------------------------------
记录时间:      2022-08-16 21:40:02.570 
线程标识:      [115] 
日志等级:      Anno 
注册中心 127.0.0.1:7010 Connect timed out
------------------------------------LOG分隔符---------------------------------------------
记录时间:      2022-08-16 21:40:07.553 
线程标识:      [117] 
日志等级:      Anno 
注册中心 127.0.0.1:7010 Connect timed out
------------------------------------LOG分隔符---------------------------------------------
记录时间:      2022-08-16 21:40:12.539 
线程标识:      [118] 
日志等级:      Anno 
注册中心 127.0.0.1:7010 Connect timed out
------------------------------------LOG分隔符---------------------------------------------
记录时间:      2022-08-16 21:40:17.539 
线程标识:      [119] 
日志等级:      Anno 
注册中心 127.0.0.1:7010 Connect timed out
------------------------------------LOG分隔符---------------------------------------------
记录时间:      2022-08-16 21:40:22.554 
线程标识:      [122] 
日志等级:      Anno 
注册中心 127.0.0.1:7010 Connect timed out
------------------------------------LOG分隔符---------------------------------------------
记录时间:      2022-08-16 21:40:27.560 
线程标识:      [124] 
日志等级:      Anno 
注册中心 127.0.0.1:7010 Connect timed out
------------------------------------LOG分隔符---------------------------------------------
记录时间:      2022-08-16 21:40:32.569 
线程标识:      [131] 
日志等级:      Anno 
注册中心 127.0.0.1:7010 Connect timed out
------------------------------------LOG分隔符---------------------------------------------
记录时间:      2022-08-16 21:40:37.554 
线程标识:      [127] 
日志等级:      Anno 
注册中心 127.0.0.1:7010 Connect timed out
------------------------------------LOG分隔符---------------------------------------------
记录时间:      2022-08-16 21:40:42.570 
线程标识:      [136] 
日志等级:      Anno 
注册中心 127.0.0.1:7010 Connect timed out
------------------------------------LOG分隔符---------------------------------------------
记录时间:      2022-08-16 21:40:47.539 
线程标识:      [137] 
日志等级:      Anno 
注册中心 127.0.0.1:7010 Connect timed out
------------------------------------LOG分隔符---------------------------------------------
记录时间:      2022-08-16 21:40:52.555 
线程标识:      [139] 
日志等级:      Anno 
注册中心 127.0.0.1:7010 Connect timed out
------------------------------------LOG分隔符---------------------------------------------
记录时间:      2022-08-16 21:40:57.554 
线程标识:      [140] 
日志等级:      Anno 
注册中心 127.0.0.1:7010 Connect timed out
------------------------------------LOG分隔符---------------------------------------------
记录时间:      2022-08-16 21:41:02.539 
线程标识:      [150] 
日志等级:      Anno 
注册中心 127.0.0.1:7010 Connect timed out
------------------------------------LOG分隔符---------------------------------------------
记录时间:      2022-08-16 21:41:07.558 
线程标识:      [145] 
日志等级:      Anno 
注册中心 127.0.0.1:7010 Connect timed out
------------------------------------LOG分隔符---------------------------------------------
记录时间:      2022-08-16 21:41:12.537 
线程标识:      [153] 
日志等级:      Anno 
注册中心 127.0.0.1:7010 Connect timed out
------------------------------------LOG分隔符---------------------------------------------
记录时间:      2022-08-16 21:41:17.553 
线程标识:      [154] 
日志等级:      Anno 
注册中心 127.0.0.1:7010 Connect timed out
------------------------------------LOG分隔符---------------------------------------------
记录时间:      2022-08-16 21:41:22.539 
线程标识:      [156] 
日志等级:      Anno 
注册中心 127.0.0.1:7010 Connect timed out
------------------------------------LOG分隔符---------------------------------------------
记录时间:      2022-08-16 21:41:27.569 
线程标识:      [157] 
日志等级:      Anno 
注册中心 127.0.0.1:7010 Connect timed out
------------------------------------LOG分隔符---------------------------------------------
记录时间:      2022-08-16 21:41:32.552 
线程标识:      [165] 
日志等级:      Anno 
注册中心 127.0.0.1:7010 Connect timed out
------------------------------------LOG分隔符---------------------------------------------
记录时间:      2022-08-16 21:41:37.568 
线程标识:      [168] 
日志等级:      Anno 
注册中心 127.0.0.1:7010 Connect timed out
------------------------------------LOG分隔符---------------------------------------------
记录时间:      2022-08-16 21:41:42.538 
线程标识:      [170] 
日志等级:      Anno 
注册中心 127.0.0.1:7010 Connect timed out
------------------------------------LOG分隔符---------------------------------------------
记录时间:      2022-08-16 21:41:47.565 
线程标识:      [172] 
日志等级:      Anno 
注册中心 127.0.0.1:7010 Connect timed out
------------------------------------LOG分隔符---------------------------------------------
记录时间:      2022-08-16 21:41:52.554 
线程标识:      [175] 
日志等级:      Anno 
注册中心 127.0.0.1:7010 Connect timed out
------------------------------------LOG分隔符---------------------------------------------
记录时间:      2022-08-16 21:41:57.554 
线程标识:      [173] 
日志等级:      Anno 
注册中心 127.0.0.1:7010 Connect timed out
------------------------------------LOG分隔符---------------------------------------------
记录时间:      2022-08-16 21:42:02.538 
线程标识:      [182] 
日志等级:      Anno 
注册中心 127.0.0.1:7010 Connect timed out
------------------------------------LOG分隔符---------------------------------------------
记录时间:      2022-08-16 21:42:07.569 
线程标识:      [184] 
日志等级:      Anno 
注册中心 127.0.0.1:7010 Connect timed out
------------------------------------LOG分隔符---------------------------------------------
记录时间:      2022-08-16 21:42:12.551 
线程标识:      [188] 
日志等级:      Anno 
注册中心 127.0.0.1:7010 Connect timed out
------------------------------------LOG分隔符---------------------------------------------
记录时间:      2022-08-16 21:42:17.568 
线程标识:      [186] 
日志等级:      Anno 
注册中心 127.0.0.1:7010 Connect timed out
------------------------------------LOG分隔符---------------------------------------------
记录时间:      2022-08-16 21:42:22.567 
线程标识:      [190] 
日志等级:      Anno 
注册中心 127.0.0.1:7010 Connect timed out
------------------------------------LOG分隔符---------------------------------------------
记录时间:      2022-08-16 21:42:27.564 
线程标识:      [191] 
日志等级:      Anno 
注册中心 127.0.0.1:7010 Connect timed out
------------------------------------LOG分隔符---------------------------------------------
记录时间:      2022-08-16 21:42:32.555 
线程标识:      [200] 
日志等级:      Anno 
注册中心 127.0.0.1:7010 Connect timed out
------------------------------------LOG分隔符---------------------------------------------
记录时间:      2022-08-16 21:42:37.568 
线程标识:      [195] 
日志等级:      Anno 
注册中心 127.0.0.1:7010 Connect timed out
------------------------------------LOG分隔符---------------------------------------------
记录时间:      2022-08-16 21:42:42.553 
线程标识:      [204] 
日志等级:      Anno 
注册中心 127.0.0.1:7010 Connect timed out
------------------------------------LOG分隔符---------------------------------------------
记录时间:      2022-08-16 21:42:47.553 
线程标识:      [205] 
日志等级:      Anno 
注册中心 127.0.0.1:7010 Connect timed out
------------------------------------LOG分隔符---------------------------------------------
记录时间:      2022-08-16 21:42:52.556 
线程标识:      [208] 
日志等级:      Anno 
注册中心 127.0.0.1:7010 Connect timed out
------------------------------------LOG分隔符---------------------------------------------
记录时间:      2022-08-16 21:42:57.555 
线程标识:      [209] 
日志等级:      Anno 
注册中心 127.0.0.1:7010 Connect timed out
------------------------------------LOG分隔符---------------------------------------------
记录时间:      2022-08-16 21:43:02.554 
线程标识:      [216] 
日志等级:      Anno 
注册中心 127.0.0.1:7010 Connect timed out
------------------------------------LOG分隔符---------------------------------------------
记录时间:      2022-08-16 21:43:07.551 
线程标识:      [221] 
日志等级:      Anno 
注册中心 127.0.0.1:7010 Connect timed out
------------------------------------LOG分隔符---------------------------------------------
记录时间:      2022-08-16 21:43:12.552 
线程标识:      [223] 
日志等级:      Anno 
注册中心 127.0.0.1:7010 Connect timed out
------------------------------------LOG分隔符---------------------------------------------
记录时间:      2022-08-16 21:43:17.570 
线程标识:      [224] 
日志等级:      Anno 
注册中心 127.0.0.1:7010 Connect timed out
------------------------------------LOG分隔符---------------------------------------------
记录时间:      2022-08-16 21:43:22.572 
线程标识:      [228] 
日志等级:      Anno 
注册中心 127.0.0.1:7010 Connect timed out
------------------------------------LOG分隔符---------------------------------------------
记录时间:      2022-08-16 21:43:27.549 
线程标识:      [226] 
日志等级:      Anno 
注册中心 127.0.0.1:7010 Connect timed out
------------------------------------LOG分隔符---------------------------------------------
记录时间:      2022-08-16 21:43:32.557 
线程标识:      [234] 
日志等级:      Anno 
注册中心 127.0.0.1:7010 Connect timed out
------------------------------------LOG分隔符---------------------------------------------
记录时间:      2022-08-16 21:43:37.578 
线程标识:      [237] 
日志等级:      Anno 
注册中心 127.0.0.1:7010 Connect timed out
------------------------------------LOG分隔符---------------------------------------------
记录时间:      2022-08-16 21:43:42.563 
线程标识:      [226] 
日志等级:      Anno 
注册中心 127.0.0.1:7010 Connect timed out
------------------------------------LOG分隔符---------------------------------------------
记录时间:      2022-08-16 21:43:47.574 
线程标识:      [227] 
日志等级:      Anno 
注册中心 127.0.0.1:7010 Connect timed out
------------------------------------LOG分隔符---------------------------------------------
记录时间:      2022-08-16 21:43:52.577 
线程标识:      [226] 
日志等级:      Anno 
注册中心 127.0.0.1:7010 Connect timed out
------------------------------------LOG分隔符---------------------------------------------
记录时间:      2022-08-16 21:43:57.574 
线程标识:      [227] 
日志等级:      Anno 
注册中心 127.0.0.1:7010 Connect timed out
------------------------------------LOG分隔符---------------------------------------------
记录时间:      2022-08-16 21:44:02.582 
线程标识:      [26] 
日志等级:      Anno 
注册中心 127.0.0.1:7010 Connect timed out
------------------------------------LOG分隔符---------------------------------------------
记录时间:      2022-08-16 21:44:07.564 
线程标识:      [231] 
日志等级:      Anno 
注册中心 127.0.0.1:7010 Connect timed out
------------------------------------LOG分隔符---------------------------------------------
记录时间:      2022-08-16 21:44:12.572 
线程标识:      [219] 
日志等级:      Anno 
注册中心 127.0.0.1:7010 Connect timed out
------------------------------------LOG分隔符---------------------------------------------
记录时间:      2022-08-16 21:44:17.579 
线程标识:      [216] 
日志等级:      Anno 
注册中心 127.0.0.1:7010 Connect timed out
------------------------------------LOG分隔符---------------------------------------------
记录时间:      2022-08-16 21:44:22.581 
线程标识:      [212] 
日志等级:      Anno 
注册中心 127.0.0.1:7010 Connect timed out
------------------------------------LOG分隔符---------------------------------------------
记录时间:      2022-08-16 21:44:27.575 
线程标识:      [211] 
日志等级:      Anno 
注册中心 127.0.0.1:7010 Connect timed out
------------------------------------LOG分隔符---------------------------------------------
记录时间:      2022-08-16 21:44:32.566 
线程标识:      [204] 
日志等级:      Anno 
注册中心 127.0.0.1:7010 Connect timed out
------------------------------------LOG分隔符---------------------------------------------
记录时间:      2022-08-16 21:44:37.579 
线程标识:      [195] 
日志等级:      Anno 
注册中心 127.0.0.1:7010 Connect timed out
------------------------------------LOG分隔符---------------------------------------------
记录时间:      2022-08-16 21:44:42.571 
线程标识:      [199] 
日志等级:      Anno 
注册中心 127.0.0.1:7010 Connect timed out
------------------------------------LOG分隔符---------------------------------------------
记录时间:      2022-08-16 21:44:47.565 
线程标识:      [198] 
日志等级:      Anno 
注册中心 127.0.0.1:7010 Connect timed out
------------------------------------LOG分隔符---------------------------------------------
记录时间:      2022-08-16 21:44:52.571 
线程标识:      [196] 
日志等级:      Anno 
注册中心 127.0.0.1:7010 Connect timed out
------------------------------------LOG分隔符---------------------------------------------
记录时间:      2022-08-16 21:44:57.576 
线程标识:      [194] 
日志等级:      Anno 
注册中心 127.0.0.1:7010 Connect timed out
------------------------------------LOG分隔符---------------------------------------------
记录时间:      2022-08-16 21:45:02.565 
线程标识:      [184] 
日志等级:      Anno 
注册中心 127.0.0.1:7010 Connect timed out
------------------------------------LOG分隔符---------------------------------------------
记录时间:      2022-08-16 21:45:07.566 
线程标识:      [189] 
日志等级:      Anno 
注册中心 127.0.0.1:7010 Connect timed out
------------------------------------LOG分隔符---------------------------------------------
记录时间:      2022-08-16 21:45:12.550 
线程标识:      [180] 
日志等级:      Anno 
注册中心 127.0.0.1:7010 Connect timed out
------------------------------------LOG分隔符---------------------------------------------
记录时间:      2022-08-16 21:45:17.563 
线程标识:      [193] 
日志等级:      Anno 
注册中心 127.0.0.1:7010 Connect timed out
------------------------------------LOG分隔符---------------------------------------------
记录时间:      2022-08-16 21:45:22.573 
线程标识:      [176] 
日志等级:      Anno 
注册中心 127.0.0.1:7010 Connect timed out
------------------------------------LOG分隔符---------------------------------------------
记录时间:      2022-08-16 21:45:27.569 
线程标识:      [173] 
日志等级:      Anno 
注册中心 127.0.0.1:7010 Connect timed out
------------------------------------LOG分隔符---------------------------------------------
记录时间:      2022-08-16 21:45:32.584 
线程标识:      [166] 
日志等级:      Anno 
注册中心 127.0.0.1:7010 Connect timed out
------------------------------------LOG分隔符---------------------------------------------
记录时间:      2022-08-16 21:45:37.575 
线程标识:      [173] 
日志等级:      Anno 
注册中心 127.0.0.1:7010 Connect timed out
------------------------------------LOG分隔符---------------------------------------------
记录时间:      2022-08-16 21:45:42.581 
线程标识:      [186] 
日志等级:      Anno 
注册中心 127.0.0.1:7010 Connect timed out
------------------------------------LOG分隔符---------------------------------------------
记录时间:      2022-08-16 21:45:47.566 
线程标识:      [171] 
日志等级:      Anno 
注册中心 127.0.0.1:7010 Connect timed out
------------------------------------LOG分隔符---------------------------------------------
记录时间:      2022-08-16 21:45:52.578 
线程标识:      [227] 
日志等级:      Anno 
注册中心 127.0.0.1:7010 Connect timed out
------------------------------------LOG分隔符---------------------------------------------
记录时间:      2022-08-16 21:45:57.585 
线程标识:      [235] 
日志等级:      Anno 
注册中心 127.0.0.1:7010 Connect timed out
------------------------------------LOG分隔符---------------------------------------------
记录时间:      2022-08-16 21:46:02.544 
线程标识:      [173] 
日志等级:      Anno 
注册中心 127.0.0.1:7010 Connect timed out
------------------------------------LOG分隔符---------------------------------------------
记录时间:      2022-08-16 21:46:07.580 
线程标识:      [193] 
日志等级:      Anno 
注册中心 127.0.0.1:7010 Connect timed out
------------------------------------LOG分隔符---------------------------------------------
记录时间:      2022-08-16 21:46:12.585 
线程标识:      [189] 
日志等级:      Anno 
注册中心 127.0.0.1:7010 Connect timed out
------------------------------------LOG分隔符---------------------------------------------
记录时间:      2022-08-16 21:46:17.589 
线程标识:      [184] 
日志等级:      Anno 
注册中心 127.0.0.1:7010 Connect timed out
------------------------------------LOG分隔符---------------------------------------------
记录时间:      2022-08-16 21:46:22.581 
线程标识:      [188] 
日志等级:      Anno 
注册中心 127.0.0.1:7010 Connect timed out
------------------------------------LOG分隔符---------------------------------------------
记录时间:      2022-08-16 21:46:27.589 
线程标识:      [191] 
日志等级:      Anno 
注册中心 127.0.0.1:7010 Connect timed out
------------------------------------LOG分隔符---------------------------------------------
记录时间:      2022-08-16 21:46:32.579 
线程标识:      [170] 
日志等级:      Anno 
注册中心 127.0.0.1:7010 Connect timed out
------------------------------------LOG分隔符---------------------------------------------
记录时间:      2022-08-16 21:46:37.562 
线程标识:      [192] 
日志等级:      Anno 
注册中心 127.0.0.1:7010 Connect timed out
------------------------------------LOG分隔符---------------------------------------------
记录时间:      2022-08-16 21:46:42.565 
线程标识:      [179] 
日志等级:      Anno 
注册中心 127.0.0.1:7010 Connect timed out
------------------------------------LOG分隔符---------------------------------------------
记录时间:      2022-08-16 21:46:47.566 
线程标识:      [183] 
日志等级:      Anno 
注册中心 127.0.0.1:7010 Connect timed out
------------------------------------LOG分隔符---------------------------------------------
记录时间:      2022-08-16 21:46:52.588 
线程标识:      [218] 
日志等级:      Anno 
注册中心 127.0.0.1:7010 Connect timed out
------------------------------------LOG分隔符---------------------------------------------
记录时间:      2022-08-16 21:46:57.575 
线程标识:      [178] 
日志等级:      Anno 
注册中心 127.0.0.1:7010 Connect timed out
------------------------------------LOG分隔符---------------------------------------------
记录时间:      2022-08-16 21:47:02.549 
线程标识:      [197] 
日志等级:      Anno 
注册中心 127.0.0.1:7010 Connect timed out
------------------------------------LOG分隔符---------------------------------------------
记录时间:      2022-08-16 21:47:07.579 
线程标识:      [198] 
日志等级:      Anno 
注册中心 127.0.0.1:7010 Connect timed out
------------------------------------LOG分隔符---------------------------------------------
记录时间:      2022-08-16 21:47:12.579 
线程标识:      [200] 
日志等级:      Anno 
注册中心 127.0.0.1:7010 Connect timed out
------------------------------------LOG分隔符---------------------------------------------
记录时间:      2022-08-16 21:47:17.567 
线程标识:      [195] 
日志等级:      Anno 
注册中心 127.0.0.1:7010 Connect timed out
------------------------------------LOG分隔符---------------------------------------------
记录时间:      2022-08-16 21:47:22.548 
线程标识:      [202] 
日志等级:      Anno 
注册中心 127.0.0.1:7010 Connect timed out
------------------------------------LOG分隔符---------------------------------------------
记录时间:      2022-08-16 21:47:27.586 
线程标识:      [204] 
日志等级:      Anno 
注册中心 127.0.0.1:7010 Connect timed out
------------------------------------LOG分隔符---------------------------------------------
记录时间:      2022-08-16 21:47:32.592 
线程标识:      [212] 
日志等级:      Anno 
注册中心 127.0.0.1:7010 Connect timed out
------------------------------------LOG分隔符---------------------------------------------
记录时间:      2022-08-16 21:47:37.581 
线程标识:      [216] 
日志等级:      Anno 
注册中心 127.0.0.1:7010 Connect timed out
------------------------------------LOG分隔符---------------------------------------------
记录时间:      2022-08-16 21:47:42.574 
线程标识:      [204] 
日志等级:      Anno 
注册中心 127.0.0.1:7010 Connect timed out
------------------------------------LOG分隔符---------------------------------------------
记录时间:      2022-08-16 21:47:47.564 
线程标识:      [202] 
日志等级:      Anno 
注册中心 127.0.0.1:7010 Connect timed out
------------------------------------LOG分隔符---------------------------------------------
记录时间:      2022-08-16 21:47:52.580 
线程标识:      [200] 
日志等级:      Anno 
注册中心 127.0.0.1:7010 Connect timed out
------------------------------------LOG分隔符---------------------------------------------
记录时间:      2022-08-16 21:47:57.552 
线程标识:      [199] 
日志等级:      Anno 
注册中心 127.0.0.1:7010 Connect timed out
------------------------------------LOG分隔符---------------------------------------------
记录时间:      2022-08-16 21:48:02.578 
线程标识:      [233] 
日志等级:      Anno 
注册中心 127.0.0.1:7010 Connect timed out
------------------------------------LOG分隔符---------------------------------------------
记录时间:      2022-08-16 21:48:07.574 
线程标识:      [179] 
日志等级:      Anno 
注册中心 127.0.0.1:7010 Connect timed out
------------------------------------LOG分隔符---------------------------------------------
记录时间:      2022-08-16 21:48:12.549 
线程标识:      [192] 
日志等级:      Anno 
注册中心 127.0.0.1:7010 Connect timed out
------------------------------------LOG分隔符---------------------------------------------
记录时间:      2022-08-16 21:48:17.567 
线程标识:      [175] 
日志等级:      Anno 
注册中心 127.0.0.1:7010 Connect timed out
------------------------------------LOG分隔符---------------------------------------------
记录时间:      2022-08-16 21:48:22.570 
线程标识:      [169] 
日志等级:      Anno 
注册中心 127.0.0.1:7010 Connect timed out
------------------------------------LOG分隔符---------------------------------------------
记录时间:      2022-08-16 21:48:27.572 
线程标识:      [165] 
日志等级:      Anno 
注册中心 127.0.0.1:7010 Connect timed out
------------------------------------LOG分隔符---------------------------------------------
记录时间:      2022-08-16 21:48:32.560 
线程标识:      [176] 
日志等级:      Anno 
注册中心 127.0.0.1:7010 Connect timed out
------------------------------------LOG分隔符---------------------------------------------
记录时间:      2022-08-16 21:48:37.567 
线程标识:      [219] 
日志等级:      Anno 
注册中心 127.0.0.1:7010 Connect timed out
------------------------------------LOG分隔符---------------------------------------------
记录时间:      2022-08-16 21:48:42.572 
线程标识:      [169] 
日志等级:      Anno 
注册中心 127.0.0.1:7010 Connect timed out
------------------------------------LOG分隔符---------------------------------------------
记录时间:      2022-08-16 21:48:47.581 
线程标识:      [175] 
日志等级:      Anno 
注册中心 127.0.0.1:7010 Connect timed out
------------------------------------LOG分隔符---------------------------------------------
记录时间:      2022-08-16 21:48:52.566 
线程标识:      [190] 
日志等级:      Anno 
注册中心 127.0.0.1:7010 Connect timed out
------------------------------------LOG分隔符---------------------------------------------
记录时间:      2022-08-16 21:48:57.563 
线程标识:      [179] 
日志等级:      Anno 
注册中心 127.0.0.1:7010 Connect timed out
------------------------------------LOG分隔符---------------------------------------------
记录时间:      2022-08-16 21:49:02.562 
线程标识:      [198] 
日志等级:      Anno 
注册中心 127.0.0.1:7010 Connect timed out
------------------------------------LOG分隔符---------------------------------------------
记录时间:      2022-08-16 21:49:07.575 
线程标识:      [215] 
日志等级:      Anno 
注册中心 127.0.0.1:7010 Connect timed out
------------------------------------LOG分隔符---------------------------------------------
记录时间:      2022-08-16 21:49:12.564 
线程标识:      [214] 
日志等级:      Anno 
注册中心 127.0.0.1:7010 Connect timed out
------------------------------------LOG分隔符---------------------------------------------
记录时间:      2022-08-16 21:49:17.583 
线程标识:      [212] 
日志等级:      Anno 
注册中心 127.0.0.1:7010 Connect timed out
------------------------------------LOG分隔符---------------------------------------------
记录时间:      2022-08-16 21:49:22.562 
线程标识:      [208] 
日志等级:      Anno 
注册中心 127.0.0.1:7010 Connect timed out
------------------------------------LOG分隔符---------------------------------------------
记录时间:      2022-08-16 21:49:27.583 
线程标识:      [207] 
日志等级:      Anno 
注册中心 127.0.0.1:7010 Connect timed out
------------------------------------LOG分隔符---------------------------------------------
记录时间:      2022-08-16 21:49:32.580 
线程标识:      [174] 
日志等级:      Anno 
注册中心 127.0.0.1:7010 Connect timed out
------------------------------------LOG分隔符---------------------------------------------
记录时间:      2022-08-16 21:49:37.569 
线程标识:      [231] 
日志等级:      Anno 
注册中心 127.0.0.1:7010 Connect timed out
------------------------------------LOG分隔符---------------------------------------------
记录时间:      2022-08-16 21:49:42.583 
线程标识:      [207] 
日志等级:      Anno 
注册中心 127.0.0.1:7010 Connect timed out
